# Logfile created on 2014-01-17 11:37:12 -0500 by logger.rb/41954
I, [2014-01-17T11:37:12.545549 #9744]  INFO -- : 0:  rake (10.1.0) from C:/Programming/Languages/Ruby200-x64/lib/ruby/gems/2.0.0/specifications/rake-10.1.0.gemspec
I, [2014-01-17T11:37:12.548561 #9744]  INFO -- : 0:  i18n (0.6.5) from C:/Programming/Languages/Ruby200-x64/lib/ruby/gems/2.0.0/specifications/i18n-0.6.5.gemspec
I, [2014-01-17T11:37:12.550558 #9744]  INFO -- : 0:  minitest (4.7.5) from C:/Programming/Languages/Ruby200-x64/lib/ruby/gems/2.0.0/specifications/minitest-4.7.5.gemspec
I, [2014-01-17T11:37:12.552554 #9744]  INFO -- : 0:  multi_json (1.7.9) from C:/Programming/Languages/Ruby200-x64/lib/ruby/gems/2.0.0/specifications/multi_json-1.7.9.gemspec
I, [2014-01-17T11:37:12.554553 #9744]  INFO -- : 0:  atomic (1.1.13) from C:/Programming/Languages/Ruby200-x64/lib/ruby/gems/2.0.0/specifications/atomic-1.1.13.gemspec
I, [2014-01-17T11:37:12.556553 #9744]  INFO -- : 0:  thread_safe (0.1.2) from C:/Programming/Languages/Ruby200-x64/lib/ruby/gems/2.0.0/specifications/thread_safe-0.1.2.gemspec
I, [2014-01-17T11:37:12.558554 #9744]  INFO -- : 0:  tzinfo (0.3.37) from C:/Programming/Languages/Ruby200-x64/lib/ruby/gems/2.0.0/specifications/tzinfo-0.3.37.gemspec
I, [2014-01-17T11:37:12.560555 #9744]  INFO -- : 0:  activesupport (4.0.0) from C:/Programming/Languages/Ruby200-x64/lib/ruby/gems/2.0.0/specifications/activesupport-4.0.0.gemspec
I, [2014-01-17T11:37:12.562554 #9744]  INFO -- : 0:  builder (3.1.4) from C:/Programming/Languages/Ruby200-x64/lib/ruby/gems/2.0.0/specifications/builder-3.1.4.gemspec
I, [2014-01-17T11:37:12.564556 #9744]  INFO -- : 0:  erubis (2.7.0) from C:/Programming/Languages/Ruby200-x64/lib/ruby/gems/2.0.0/specifications/erubis-2.7.0.gemspec
I, [2014-01-17T11:37:12.566557 #9744]  INFO -- : 0:  rack (1.5.2) from C:/Programming/Languages/Ruby200-x64/lib/ruby/gems/2.0.0/specifications/rack-1.5.2.gemspec
I, [2014-01-17T11:37:12.567556 #9744]  INFO -- : 0:  rack-test (0.6.2) from C:/Programming/Languages/Ruby200-x64/lib/ruby/gems/2.0.0/specifications/rack-test-0.6.2.gemspec
I, [2014-01-17T11:37:12.567556 #9744]  INFO -- : 0:  actionpack (4.0.0) from C:/Programming/Languages/Ruby200-x64/lib/ruby/gems/2.0.0/specifications/actionpack-4.0.0.gemspec
I, [2014-01-17T11:37:13.299055 #9744]  INFO -- : 0:  mime-types (1.25) from C:/Programming/Languages/Ruby200-x64/lib/ruby/gems/2.0.0/specifications/mime-types-1.25.gemspec
I, [2014-01-17T11:37:13.300061 #9744]  INFO -- : 0:  polyglot (0.3.3) from C:/Programming/Languages/Ruby200-x64/lib/ruby/gems/2.0.0/specifications/polyglot-0.3.3.gemspec
I, [2014-01-17T11:37:13.300061 #9744]  INFO -- : 0:  treetop (1.4.15) from C:/Programming/Languages/Ruby200-x64/lib/ruby/gems/2.0.0/specifications/treetop-1.4.15.gemspec
I, [2014-01-17T11:37:13.301053 #9744]  INFO -- : 0:  mail (2.5.4) from C:/Programming/Languages/Ruby200-x64/lib/ruby/gems/2.0.0/specifications/mail-2.5.4.gemspec
I, [2014-01-17T11:37:13.302053 #9744]  INFO -- : 0:  actionmailer (4.0.0) from C:/Programming/Languages/Ruby200-x64/lib/ruby/gems/2.0.0/specifications/actionmailer-4.0.0.gemspec
I, [2014-01-17T11:37:13.303054 #9744]  INFO -- : 0:  activemodel (4.0.0) from C:/Programming/Languages/Ruby200-x64/lib/ruby/gems/2.0.0/specifications/activemodel-4.0.0.gemspec
I, [2014-01-17T11:37:13.304054 #9744]  INFO -- : 0:  activerecord-deprecated_finders (1.0.3) from C:/Programming/Languages/Ruby200-x64/lib/ruby/gems/2.0.0/specifications/activerecord-deprecated_finders-1.0.3.gemspec
I, [2014-01-17T11:37:13.305054 #9744]  INFO -- : 0:  arel (4.0.0) from C:/Programming/Languages/Ruby200-x64/lib/ruby/gems/2.0.0/specifications/arel-4.0.0.gemspec
I, [2014-01-17T11:37:13.306053 #9744]  INFO -- : 0:  activerecord (4.0.0) from C:/Programming/Languages/Ruby200-x64/lib/ruby/gems/2.0.0/specifications/activerecord-4.0.0.gemspec
I, [2014-01-17T11:37:13.307057 #9744]  INFO -- : 0:  addressable (2.3.5) from C:/Programming/Languages/Ruby200-x64/lib/ruby/gems/2.0.0/specifications/addressable-2.3.5.gemspec
I, [2014-01-17T11:37:13.307057 #9744]  INFO -- : 0:  bundler (1.5.1) from C:/Programming/Languages/Ruby200-x64/lib/ruby/gems/2.0.0/specifications/bundler-1.5.1.gemspec
I, [2014-01-17T11:37:13.308054 #9744]  INFO -- : 0:  columnize (0.3.6) from C:/Programming/Languages/Ruby200-x64/lib/ruby/gems/2.0.0/specifications/columnize-0.3.6.gemspec
I, [2014-01-17T11:37:13.308054 #9744]  INFO -- : 0:  debugger-linecache (1.2.0) from C:/Programming/Languages/Ruby200-x64/lib/ruby/gems/2.0.0/specifications/debugger-linecache-1.2.0.gemspec
I, [2014-01-17T11:37:16.312503 #9744]  INFO -- : 0:  debugger-ruby_core_source (1.2.3) from C:/Programming/Languages/Ruby200-x64/lib/ruby/gems/2.0.0/specifications/debugger-ruby_core_source-1.2.3.gemspec
E, [2014-01-17T11:37:19.883527 #9744] ERROR -- : Gem::Installer::ExtensionBuildError: ERROR: Failed to build gem native extension.

    C:/Programming/Languages/Ruby200-x64/bin/ruby.exe extconf.rb 
checking for rb_method_entry_t.called_id in method.h... no
checking for rb_control_frame_t.method_id in method.h... no
checking for rb_method_entry_t.called_id in method.h... no
checking for rb_control_frame_t.method_id in method.h... no
Makefile creation failed
**************************************************************************
No source for ruby-2.0.0-p353 provided with debugger-ruby_core_source gem.
**************************************************************************
*** extconf.rb failed ***
Could not create Makefile due to some reason, probably lack of necessary
libraries and/or headers.  Check the mkmf.log file for more details.  You may
need configuration options.

Provided configuration options:
	--with-opt-dir
	--without-opt-dir
	--with-opt-include
	--without-opt-include=${opt-dir}/include
	--with-opt-lib
	--without-opt-lib=${opt-dir}/lib
	--with-make-prog
	--without-make-prog
	--srcdir=.
	--curdir
	--ruby=C:/Programming/Languages/Ruby200-x64/bin/ruby
	--with-ruby-dir
	--without-ruby-dir
	--with-ruby-include
	--without-ruby-include=${ruby-dir}/include
	--with-ruby-lib
	--without-ruby-lib=${ruby-dir}/


Gem files will remain installed in C:/Programming/Languages/Ruby200-x64/lib/ruby/gems/2.0.0/gems/debugger-1.6.1 for inspection.
Results logged to C:/Programming/Languages/Ruby200-x64/lib/ruby/gems/2.0.0/gems/debugger-1.6.1/ext/ruby_debug/gem_make.out

C:/Programming/Languages/Ruby200-x64/lib/ruby/2.0.0/rubygems/ext/builder.rb:62:in `run'  \nC:/Programming/Languages/Ruby200-x64/lib/ruby/2.0.0/rubygems/ext/ext_conf_builder.rb:39:in `block in build'  \nC:/Programming/Languages/Ruby200-x64/lib/ruby/2.0.0/tempfile.rb:324:in `open'  \nC:/Programming/Languages/Ruby200-x64/lib/ruby/2.0.0/rubygems/ext/ext_conf_builder.rb:19:in `build'  \nC:/Programming/Languages/Ruby200-x64/lib/ruby/2.0.0/rubygems/installer.rb:689:in `block (3 levels) in build_extensions'  \nC:/Programming/Languages/Ruby200-x64/lib/ruby/2.0.0/rubygems/installer.rb:688:in `chdir'  \nC:/Programming/Languages/Ruby200-x64/lib/ruby/2.0.0/rubygems/installer.rb:688:in `block (2 levels) in build_extensions'  \nC:/Programming/Languages/Ruby200-x64/lib/ruby/2.0.0/rubygems/installer.rb:687:in `synchronize'  \nC:/Programming/Languages/Ruby200-x64/lib/ruby/2.0.0/rubygems/installer.rb:687:in `block in build_extensions'  \nC:/Programming/Languages/Ruby200-x64/lib/ruby/2.0.0/rubygems/installer.rb:662:in `each'  \nC:/Programming/Languages/Ruby200-x64/lib/ruby/2.0.0/rubygems/installer.rb:662:in `build_extensions'  \nC:/Programming/Languages/Ruby200-x64/lib/ruby/2.0.0/rubygems/installer.rb:227:in `install'  \nC:/Programming/Languages/Ruby200-x64/lib/ruby/gems/2.0.0/gems/bundler-1.5.1/lib/bundler/source/rubygems.rb:101:in `block in install'  \nC:/Programming/Languages/Ruby200-x64/lib/ruby/gems/2.0.0/gems/bundler-1.5.1/lib/bundler/rubygems_integration.rb:118:in `preserve_paths'  \nC:/Programming/Languages/Ruby200-x64/lib/ruby/gems/2.0.0/gems/bundler-1.5.1/lib/bundler/source/rubygems.rb:94:in `install'  \nC:/Programming/Languages/Ruby200-x64/lib/ruby/gems/2.0.0/gems/bundler-1.5.1/lib/bundler/installer.rb:111:in `block in install_gem_from_spec'  \nC:/Programming/Languages/Ruby200-x64/lib/ruby/gems/2.0.0/gems/bundler-1.5.1/lib/bundler/rubygems_integration.rb:150:in `with_build_args'  \nC:/Programming/Languages/Ruby200-x64/lib/ruby/gems/2.0.0/gems/bundler-1.5.1/lib/bundler/installer.rb:110:in `install_gem_from_spec'  \nC:/Programming/Languages/Ruby200-x64/lib/ruby/gems/2.0.0/gems/bundler-1.5.1/lib/bundler/installer.rb:295:in `block in install_sequentially'  \nC:/Programming/Languages/Ruby200-x64/lib/ruby/2.0.0/forwardable.rb:171:in `each'  \nC:/Programming/Languages/Ruby200-x64/lib/ruby/2.0.0/forwardable.rb:171:in `each'  \nC:/Programming/Languages/Ruby200-x64/lib/ruby/gems/2.0.0/gems/bundler-1.5.1/lib/bundler/installer.rb:294:in `install_sequentially'  \nC:/Programming/Languages/Ruby200-x64/lib/ruby/gems/2.0.0/gems/bundler-1.5.1/lib/bundler/installer.rb:97:in `run'  \nC:/Programming/Languages/Ruby200-x64/lib/ruby/gems/2.0.0/gems/bundler-1.5.1/lib/bundler/installer.rb:15:in `install'  \nC:/Programming/Languages/Ruby200-x64/lib/ruby/gems/2.0.0/gems/bundler-1.5.1/lib/bundler/cli.rb:257:in `install'  \nC:/Programming/Languages/Ruby200-x64/lib/ruby/gems/2.0.0/gems/bundler-1.5.1/lib/bundler/vendor/thor/command.rb:27:in `run'  \nC:/Programming/Languages/Ruby200-x64/lib/ruby/gems/2.0.0/gems/bundler-1.5.1/lib/bundler/vendor/thor/invocation.rb:120:in `invoke_command'  \nC:/Programming/Languages/Ruby200-x64/lib/ruby/gems/2.0.0/gems/bundler-1.5.1/lib/bundler/vendor/thor.rb:363:in `dispatch'  \nC:/Programming/Languages/Ruby200-x64/lib/ruby/gems/2.0.0/gems/bundler-1.5.1/lib/bundler/vendor/thor/base.rb:438:in `start'  \nC:/Programming/Languages/Ruby200-x64/lib/ruby/gems/2.0.0/gems/bundler-1.5.1/lib/bundler/cli.rb:10:in `start'  \nC:/Programming/Languages/Ruby200-x64/lib/ruby/gems/2.0.0/gems/bundler-1.5.1/bin/bundle:22:in `block in <top (required)>'  \nC:/Programming/Languages/Ruby200-x64/lib/ruby/gems/2.0.0/gems/bundler-1.5.1/lib/bundler/friendly_errors.rb:5:in `with_friendly_errors'  \nC:/Programming/Languages/Ruby200-x64/lib/ruby/gems/2.0.0/gems/bundler-1.5.1/bin/bundle:22:in `<top (required)>'  \nC:/Programming/Languages/Ruby200-x64/bin/bundle:23:in `load'  \nC:/Programming/Languages/Ruby200-x64/bin/bundle:23:in `<main>'
I, [2014-01-17T11:37:52.566851 #12340]  INFO -- : 0:  rake (10.1.0) from C:/Programming/Languages/Ruby200-x64/lib/ruby/gems/2.0.0/specifications/rake-10.1.0.gemspec
I, [2014-01-17T11:37:52.568869 #12340]  INFO -- : 0:  i18n (0.6.5) from C:/Programming/Languages/Ruby200-x64/lib/ruby/gems/2.0.0/specifications/i18n-0.6.5.gemspec
I, [2014-01-17T11:37:52.569868 #12340]  INFO -- : 0:  minitest (4.7.5) from C:/Programming/Languages/Ruby200-x64/lib/ruby/gems/2.0.0/specifications/minitest-4.7.5.gemspec
I, [2014-01-17T11:37:52.569868 #12340]  INFO -- : 0:  multi_json (1.7.9) from C:/Programming/Languages/Ruby200-x64/lib/ruby/gems/2.0.0/specifications/multi_json-1.7.9.gemspec
I, [2014-01-17T11:37:52.570871 #12340]  INFO -- : 0:  atomic (1.1.13) from C:/Programming/Languages/Ruby200-x64/lib/ruby/gems/2.0.0/specifications/atomic-1.1.13.gemspec
I, [2014-01-17T11:37:52.571869 #12340]  INFO -- : 0:  thread_safe (0.1.2) from C:/Programming/Languages/Ruby200-x64/lib/ruby/gems/2.0.0/specifications/thread_safe-0.1.2.gemspec
I, [2014-01-17T11:37:52.572869 #12340]  INFO -- : 0:  tzinfo (0.3.37) from C:/Programming/Languages/Ruby200-x64/lib/ruby/gems/2.0.0/specifications/tzinfo-0.3.37.gemspec
I, [2014-01-17T11:37:52.572869 #12340]  INFO -- : 0:  activesupport (4.0.0) from C:/Programming/Languages/Ruby200-x64/lib/ruby/gems/2.0.0/specifications/activesupport-4.0.0.gemspec
I, [2014-01-17T11:37:52.573870 #12340]  INFO -- : 0:  builder (3.1.4) from C:/Programming/Languages/Ruby200-x64/lib/ruby/gems/2.0.0/specifications/builder-3.1.4.gemspec
I, [2014-01-17T11:37:52.574870 #12340]  INFO -- : 0:  erubis (2.7.0) from C:/Programming/Languages/Ruby200-x64/lib/ruby/gems/2.0.0/specifications/erubis-2.7.0.gemspec
I, [2014-01-17T11:37:52.575870 #12340]  INFO -- : 0:  rack (1.5.2) from C:/Programming/Languages/Ruby200-x64/lib/ruby/gems/2.0.0/specifications/rack-1.5.2.gemspec
I, [2014-01-17T11:37:52.575870 #12340]  INFO -- : 0:  rack-test (0.6.2) from C:/Programming/Languages/Ruby200-x64/lib/ruby/gems/2.0.0/specifications/rack-test-0.6.2.gemspec
I, [2014-01-17T11:37:52.576870 #12340]  INFO -- : 0:  actionpack (4.0.0) from C:/Programming/Languages/Ruby200-x64/lib/ruby/gems/2.0.0/specifications/actionpack-4.0.0.gemspec
I, [2014-01-17T11:37:52.577871 #12340]  INFO -- : 0:  mime-types (1.25) from C:/Programming/Languages/Ruby200-x64/lib/ruby/gems/2.0.0/specifications/mime-types-1.25.gemspec
I, [2014-01-17T11:37:52.578872 #12340]  INFO -- : 0:  polyglot (0.3.3) from C:/Programming/Languages/Ruby200-x64/lib/ruby/gems/2.0.0/specifications/polyglot-0.3.3.gemspec
I, [2014-01-17T11:37:52.578872 #12340]  INFO -- : 0:  treetop (1.4.15) from C:/Programming/Languages/Ruby200-x64/lib/ruby/gems/2.0.0/specifications/treetop-1.4.15.gemspec
I, [2014-01-17T11:37:52.579872 #12340]  INFO -- : 0:  mail (2.5.4) from C:/Programming/Languages/Ruby200-x64/lib/ruby/gems/2.0.0/specifications/mail-2.5.4.gemspec
I, [2014-01-17T11:37:52.580872 #12340]  INFO -- : 0:  actionmailer (4.0.0) from C:/Programming/Languages/Ruby200-x64/lib/ruby/gems/2.0.0/specifications/actionmailer-4.0.0.gemspec
I, [2014-01-17T11:37:52.581877 #12340]  INFO -- : 0:  activemodel (4.0.0) from C:/Programming/Languages/Ruby200-x64/lib/ruby/gems/2.0.0/specifications/activemodel-4.0.0.gemspec
I, [2014-01-17T11:37:52.581877 #12340]  INFO -- : 0:  activerecord-deprecated_finders (1.0.3) from C:/Programming/Languages/Ruby200-x64/lib/ruby/gems/2.0.0/specifications/activerecord-deprecated_finders-1.0.3.gemspec
I, [2014-01-17T11:37:52.582873 #12340]  INFO -- : 0:  arel (4.0.0) from C:/Programming/Languages/Ruby200-x64/lib/ruby/gems/2.0.0/specifications/arel-4.0.0.gemspec
I, [2014-01-17T11:37:52.583873 #12340]  INFO -- : 0:  activerecord (4.0.0) from C:/Programming/Languages/Ruby200-x64/lib/ruby/gems/2.0.0/specifications/activerecord-4.0.0.gemspec
I, [2014-01-17T11:37:52.584883 #12340]  INFO -- : 0:  addressable (2.3.5) from C:/Programming/Languages/Ruby200-x64/lib/ruby/gems/2.0.0/specifications/addressable-2.3.5.gemspec
I, [2014-01-17T11:37:52.584883 #12340]  INFO -- : 0:  bundler (1.5.1) from C:/Programming/Languages/Ruby200-x64/lib/ruby/gems/2.0.0/specifications/bundler-1.5.1.gemspec
I, [2014-01-17T11:37:53.072525 #12340]  INFO -- : 0:  multipart-post (1.2.0) from C:/Programming/Languages/Ruby200-x64/lib/ruby/gems/2.0.0/specifications/multipart-post-1.2.0.gemspec
I, [2014-01-17T11:37:53.688237 #12340]  INFO -- : 0:  faraday (0.8.8) from C:/Programming/Languages/Ruby200-x64/lib/ruby/gems/2.0.0/specifications/faraday-0.8.8.gemspec
I, [2014-01-17T11:37:54.202555 #12340]  INFO -- : 0:  git (1.2.6) from C:/Programming/Languages/Ruby200-x64/lib/ruby/gems/2.0.0/specifications/git-1.2.6.gemspec
I, [2014-01-17T11:37:54.768571 #12340]  INFO -- : 0:  hashie (2.0.5) from C:/Programming/Languages/Ruby200-x64/lib/ruby/gems/2.0.0/specifications/hashie-2.0.5.gemspec
E, [2014-01-17T11:37:57.147325 #12340] ERROR -- : Gem::Installer::ExtensionBuildError: ERROR: Failed to build gem native extension.

    C:/Programming/Languages/Ruby200-x64/bin/ruby.exe extconf.rb 
The system cannot find the path specified.
checking for libxml/parser.h... no
-----
libxml2 is missing.  please visit http://nokogiri.org/tutorials/installing_nokogiri.html for help with installing dependencies.
-----
*** extconf.rb failed ***
Could not create Makefile due to some reason, probably lack of necessary
libraries and/or headers.  Check the mkmf.log file for more details.  You may
need configuration options.

Provided configuration options:
	--with-opt-dir
	--without-opt-dir
	--with-opt-include
	--without-opt-include=${opt-dir}/include
	--with-opt-lib
	--without-opt-lib=${opt-dir}/lib
	--with-make-prog
	--without-make-prog
	--srcdir=.
	--curdir
	--ruby=C:/Programming/Languages/Ruby200-x64/bin/ruby
	--with-zlib-dir
	--without-zlib-dir
	--with-zlib-include
	--without-zlib-include=${zlib-dir}/include
	--with-zlib-lib
	--without-zlib-lib=${zlib-dir}/lib
	--with-iconv-dir
	--without-iconv-dir
	--with-iconv-include
	--without-iconv-include=${iconv-dir}/include
	--with-iconv-lib
	--without-iconv-lib=${iconv-dir}/lib
	--with-xml2-dir
	--without-xml2-dir
	--with-xml2-include
	--without-xml2-include=${xml2-dir}/include
	--with-xml2-lib
	--without-xml2-lib=${xml2-dir}/lib
	--with-xslt-dir
	--without-xslt-dir
	--with-xslt-include
	--without-xslt-include=${xslt-dir}/include
	--with-xslt-lib
	--without-xslt-lib=${xslt-dir}/lib
	--with-libxslt-config
	--without-libxslt-config
	--with-pkg-config
	--without-pkg-config
	--with-libxml-2.0-config
	--without-libxml-2.0-config
	--with-pkg-config
	--without-pkg-config
	--with-libiconv-config
	--without-libiconv-config
	--with-pkg-config
	--without-pkg-config


Gem files will remain installed in C:/Programming/Languages/Ruby200-x64/lib/ruby/gems/2.0.0/gems/nokogiri-1.5.10 for inspection.
Results logged to C:/Programming/Languages/Ruby200-x64/lib/ruby/gems/2.0.0/gems/nokogiri-1.5.10/ext/nokogiri/gem_make.out

C:/Programming/Languages/Ruby200-x64/lib/ruby/2.0.0/rubygems/ext/builder.rb:62:in `run'  \nC:/Programming/Languages/Ruby200-x64/lib/ruby/2.0.0/rubygems/ext/ext_conf_builder.rb:39:in `block in build'  \nC:/Programming/Languages/Ruby200-x64/lib/ruby/2.0.0/tempfile.rb:324:in `open'  \nC:/Programming/Languages/Ruby200-x64/lib/ruby/2.0.0/rubygems/ext/ext_conf_builder.rb:19:in `build'  \nC:/Programming/Languages/Ruby200-x64/lib/ruby/2.0.0/rubygems/installer.rb:689:in `block (3 levels) in build_extensions'  \nC:/Programming/Languages/Ruby200-x64/lib/ruby/2.0.0/rubygems/installer.rb:688:in `chdir'  \nC:/Programming/Languages/Ruby200-x64/lib/ruby/2.0.0/rubygems/installer.rb:688:in `block (2 levels) in build_extensions'  \nC:/Programming/Languages/Ruby200-x64/lib/ruby/2.0.0/rubygems/installer.rb:687:in `synchronize'  \nC:/Programming/Languages/Ruby200-x64/lib/ruby/2.0.0/rubygems/installer.rb:687:in `block in build_extensions'  \nC:/Programming/Languages/Ruby200-x64/lib/ruby/2.0.0/rubygems/installer.rb:662:in `each'  \nC:/Programming/Languages/Ruby200-x64/lib/ruby/2.0.0/rubygems/installer.rb:662:in `build_extensions'  \nC:/Programming/Languages/Ruby200-x64/lib/ruby/2.0.0/rubygems/installer.rb:227:in `install'  \nC:/Programming/Languages/Ruby200-x64/lib/ruby/gems/2.0.0/gems/bundler-1.5.1/lib/bundler/source/rubygems.rb:101:in `block in install'  \nC:/Programming/Languages/Ruby200-x64/lib/ruby/gems/2.0.0/gems/bundler-1.5.1/lib/bundler/rubygems_integration.rb:118:in `preserve_paths'  \nC:/Programming/Languages/Ruby200-x64/lib/ruby/gems/2.0.0/gems/bundler-1.5.1/lib/bundler/source/rubygems.rb:94:in `install'  \nC:/Programming/Languages/Ruby200-x64/lib/ruby/gems/2.0.0/gems/bundler-1.5.1/lib/bundler/installer.rb:111:in `block in install_gem_from_spec'  \nC:/Programming/Languages/Ruby200-x64/lib/ruby/gems/2.0.0/gems/bundler-1.5.1/lib/bundler/rubygems_integration.rb:150:in `with_build_args'  \nC:/Programming/Languages/Ruby200-x64/lib/ruby/gems/2.0.0/gems/bundler-1.5.1/lib/bundler/installer.rb:110:in `install_gem_from_spec'  \nC:/Programming/Languages/Ruby200-x64/lib/ruby/gems/2.0.0/gems/bundler-1.5.1/lib/bundler/installer.rb:295:in `block in install_sequentially'  \nC:/Programming/Languages/Ruby200-x64/lib/ruby/2.0.0/forwardable.rb:171:in `each'  \nC:/Programming/Languages/Ruby200-x64/lib/ruby/2.0.0/forwardable.rb:171:in `each'  \nC:/Programming/Languages/Ruby200-x64/lib/ruby/gems/2.0.0/gems/bundler-1.5.1/lib/bundler/installer.rb:294:in `install_sequentially'  \nC:/Programming/Languages/Ruby200-x64/lib/ruby/gems/2.0.0/gems/bundler-1.5.1/lib/bundler/installer.rb:97:in `run'  \nC:/Programming/Languages/Ruby200-x64/lib/ruby/gems/2.0.0/gems/bundler-1.5.1/lib/bundler/installer.rb:15:in `install'  \nC:/Programming/Languages/Ruby200-x64/lib/ruby/gems/2.0.0/gems/bundler-1.5.1/lib/bundler/cli.rb:257:in `install'  \nC:/Programming/Languages/Ruby200-x64/lib/ruby/gems/2.0.0/gems/bundler-1.5.1/lib/bundler/vendor/thor/command.rb:27:in `run'  \nC:/Programming/Languages/Ruby200-x64/lib/ruby/gems/2.0.0/gems/bundler-1.5.1/lib/bundler/vendor/thor/invocation.rb:120:in `invoke_command'  \nC:/Programming/Languages/Ruby200-x64/lib/ruby/gems/2.0.0/gems/bundler-1.5.1/lib/bundler/vendor/thor.rb:363:in `dispatch'  \nC:/Programming/Languages/Ruby200-x64/lib/ruby/gems/2.0.0/gems/bundler-1.5.1/lib/bundler/vendor/thor/base.rb:438:in `start'  \nC:/Programming/Languages/Ruby200-x64/lib/ruby/gems/2.0.0/gems/bundler-1.5.1/lib/bundler/cli.rb:10:in `start'  \nC:/Programming/Languages/Ruby200-x64/lib/ruby/gems/2.0.0/gems/bundler-1.5.1/bin/bundle:22:in `block in <top (required)>'  \nC:/Programming/Languages/Ruby200-x64/lib/ruby/gems/2.0.0/gems/bundler-1.5.1/lib/bundler/friendly_errors.rb:5:in `with_friendly_errors'  \nC:/Programming/Languages/Ruby200-x64/lib/ruby/gems/2.0.0/gems/bundler-1.5.1/bin/bundle:22:in `<top (required)>'  \nC:/Programming/Languages/Ruby200-x64/bin/bundle:23:in `load'  \nC:/Programming/Languages/Ruby200-x64/bin/bundle:23:in `<main>'
